# JRE version: Java(TM) SE Runtime Environment (18.0.2.1+1) (build 18.0.2.1+1-1)
# Java VM: Java HotSpot(TM) 64-Bit Server VM (18.0.2.1+1-1, mixed mode, sharing, tiered, compressed oops, compressed class ptrs, g1 gc, windows-amd64)
GC Precious Log:
 CardTable entry size: 512
 Card Set container configuration: InlinePtr #cards 5 size 8 Array Of Cards #cards 12 size 40 Howl #buckets 4 coarsen threshold 1843 Howl Bitmap #cards 512 size 80 coarsen threshold 460 Card regions per heap region 1 cards per card region 2048
 CPUs: 4 total, 4 available
 Memory: 8048M
 Large Page Support: Disabled
 NUMA Support: Disabled
 Compressed Oops: Enabled (32-bit)
 Heap Region Size: 1M
 Heap Min Capacity: 8M
 Heap Initial Capacity: 126M
 Heap Max Capacity: 2014M
 Pre-touch: Disabled
 Parallel Workers: 4
 Concurrent Workers: 1
 Concurrent Refinement Workers: 4
 Periodic GC: Disabled
Heap:
 garbage-first heap   total 559104K, used 24053K [0x0000000082200000, 0x0000000100000000)
  region size 1024K, 1 young (1024K), 1 survivors (1024K)
 Metaspace       used 7848K, committed 8064K, reserved 1114112K
  class space    used 780K, committed 896K, reserved 1048576K
GC Heap History (20 events):
Event: 1740.613 GC heap after
{Heap after GC invocations=3244 (full 0):
 garbage-first heap   total 91136K, used 87546K [0x0000000082200000, 0x0000000100000000)
  region size 1024K, 1 young (1024K), 1 survivors (1024K)
 Metaspace       used 7848K, committed 8064K, reserved 1114112K
  class space    used 780K, committed 896K, reserved 1048576K
}
Event: 1742.039 GC heap before
{Heap before GC invocations=3244 (full 0):
 garbage-first heap   total 277504K, used 275962K [0x0000000082200000, 0x0000000100000000)
  region size 1024K, 3 young (3072K), 1 survivors (1024K)
 Metaspace       used 7848K, committed 8064K, reserved 1114112K
  class space    used 780K, committed 896K, reserved 1048576K
}
Event: 1742.041 GC heap after
{Heap after GC invocations=3245 (full 0):
 garbage-first heap   total 279552K, used 194067K [0x0000000082200000, 0x0000000100000000)
  region size 1024K, 1 young (1024K), 1 survivors (1024K)
 Metaspace       used 7848K, committed 8064K, reserved 1114112K
  class space    used 780K, committed 896K, reserved 1048576K
}
Event: 1742.050 GC heap before
{Heap before GC invocations=3245 (full 0):
 garbage-first heap   total 279552K, used 194067K [0x0000000082200000, 0x0000000100000000)
  region size 1024K, 2 young (2048K), 1 survivors (1024K)
 Metaspace       used 7848K, committed 8064K, reserved 1114112K
  class space    used 780K, committed 896K, reserved 1048576K
}
Event: 1742.052 GC heap after
{Heap after GC invocations=3246 (full 0):
 garbage-first heap   total 279552K, used 7669K [0x0000000082200000, 0x0000000100000000)
  region size 1024K, 1 young (1024K), 1 survivors (1024K)
 Metaspace       used 7848K, committed 8064K, reserved 1114112K
  class space    used 780K, committed 896K, reserved 1048576K
}
Event: 1742.071 GC heap before
{Heap before GC invocations=3246 (full 0):
 garbage-first heap   total 279552K, used 9717K [0x0000000082200000, 0x0000000100000000)
  region size 1024K, 2 young (2048K), 1 survivors (1024K)
 Metaspace       used 7848K, committed 8064K, reserved 1114112K
  class space    used 780K, committed 896K, reserved 1048576K
}
Event: 1742.074 GC heap after
{Heap after GC invocations=3247 (full 0):
 garbage-first heap   total 559104K, used 9717K [0x0000000082200000, 0x0000000100000000)
  region size 1024K, 1 young (1024K), 1 survivors (1024K)
 Metaspace       used 7848K, committed 8064K, reserved 1114112K
  class space    used 780K, committed 896K, reserved 1048576K
}
Event: 1742.117 GC heap before
{Heap before GC invocations=3247 (full 0):
 garbage-first heap   total 559104K, used 15861K [0x0000000082200000, 0x0000000100000000)
  region size 1024K, 2 young (2048K), 1 survivors (1024K)
 Metaspace       used 7848K, committed 8064K, reserved 1114112K
  class space    used 780K, committed 896K, reserved 1048576K
}
Event: 1742.118 GC heap after
{Heap after GC invocations=3248 (full 0):
 garbage-first heap   total 559104K, used 13813K [0x0000000082200000, 0x0000000100000000)
  region size 1024K, 1 young (1024K), 1 survivors (1024K)
 Metaspace       used 7848K, committed 8064K, reserved 1114112K
  class space    used 780K, committed 896K, reserved 1048576K
}
Event: 1742.132 GC heap before
{Heap before GC invocations=3248 (full 0):
 garbage-first heap   total 559104K, used 15861K [0x0000000082200000, 0x0000000100000000)
  region size 1024K, 2 young (2048K), 1 survivors (1024K)
 Metaspace       used 7848K, committed 8064K, reserved 1114112K
  class space    used 780K, committed 896K, reserved 1048576K
}
Event: 1742.133 GC heap after
{Heap after GC invocations=3249 (full 0):
 garbage-first heap   total 559104K, used 9717K [0x0000000082200000, 0x0000000100000000)
  region size 1024K, 1 young (1024K), 1 survivors (1024K)
 Metaspace       used 7848K, committed 8064K, reserved 1114112K
  class space    used 780K, committed 896K, reserved 1048576K
}
Event: 1742.207 GC heap before
{Heap before GC invocations=3249 (full 0):
 garbage-first heap   total 559104K, used 19957K [0x0000000082200000, 0x0000000100000000)
  region size 1024K, 2 young (2048K), 1 survivors (1024K)
 Metaspace       used 7848K, committed 8064K, reserved 1114112K
  class space    used 780K, committed 896K, reserved 1048576K
}
Event: 1742.209 GC heap after
{Heap after GC invocations=3250 (full 0):
 garbage-first heap   total 559104K, used 17909K [0x0000000082200000, 0x0000000100000000)
  region size 1024K, 1 young (1024K), 1 survivors (1024K)
 Metaspace       used 7848K, committed 8064K, reserved 1114112K
  class space    used 780K, committed 896K, reserved 1048576K
}
Event: 1742.221 GC heap before
{Heap before GC invocations=3250 (full 0):
 garbage-first heap   total 559104K, used 19957K [0x0000000082200000, 0x0000000100000000)
  region size 1024K, 2 young (2048K), 1 survivors (1024K)
 Metaspace       used 7848K, committed 8064K, reserved 1114112K
  class space    used 780K, committed 896K, reserved 1048576K
}
Event: 1742.223 GC heap after
{Heap after GC invocations=3251 (full 0):
 garbage-first heap   total 559104K, used 9717K [0x0000000082200000, 0x0000000100000000)
  region size 1024K, 1 young (1024K), 1 survivors (1024K)
 Metaspace       used 7848K, committed 8064K, reserved 1114112K
  class space    used 780K, committed 896K, reserved 1048576K
}
Event: 1742.313 GC heap before
{Heap before GC invocations=3251 (full 0):
 garbage-first heap   total 559104K, used 22005K [0x0000000082200000, 0x0000000100000000)
  region size 1024K, 2 young (2048K), 1 survivors (1024K)
 Metaspace       used 7848K, committed 8064K, reserved 1114112K
  class space    used 780K, committed 896K, reserved 1048576K
}
Event: 1742.315 GC heap after
{Heap after GC invocations=3252 (full 0):
 garbage-first heap   total 559104K, used 19957K [0x0000000082200000, 0x0000000100000000)
  region size 1024K, 1 young (1024K), 1 survivors (1024K)
 Metaspace       used 7848K, committed 8064K, reserved 1114112K
  class space    used 780K, committed 896K, reserved 1048576K
}
Event: 1742.328 GC heap before
{Heap before GC invocations=3252 (full 0):
 garbage-first heap   total 559104K, used 22005K [0x0000000082200000, 0x0000000100000000)
  region size 1024K, 2 young (2048K), 1 survivors (1024K)
 Metaspace       used 7848K, committed 8064K, reserved 1114112K
  class space    used 780K, committed 896K, reserved 1048576K
}
Event: 1742.328 GC heap after
{Heap after GC invocations=3253 (full 0):
 garbage-first heap   total 559104K, used 9717K [0x0000000082200000, 0x0000000100000000)
  region size 1024K, 1 young (1024K), 1 survivors (1024K)
 Metaspace       used 7848K, committed 8064K, reserved 1114112K
  class space    used 780K, committed 896K, reserved 1048576K
}
Event: 1742.452 GC heap before
{Heap before GC invocations=3253 (full 0):
 garbage-first heap   total 559104K, used 26101K [0x0000000082200000, 0x0000000100000000)
  region size 1024K, 2 young (2048K), 1 survivors (1024K)
 Metaspace       used 7848K, committed 8064K, reserved 1114112K
  class space    used 780K, committed 896K, reserved 1048576K
}

